2019-08-28 14:48:55 - crawler - INFO - start is run
2019-08-28 14:48:56 - crawler - INFO - get url:https://api.meizitu.net/wp-json/wp/v2/comments?post=3238&per_page=100&page=1,status:200
2019-08-28 14:48:57 - crawler - INFO - get url:https://wxt.sinaimg.cn/mw1024/9d52c073ly1g6dgjnyn8cj20k00qowfl.jpg,status:200
2019-08-28 14:48:57 - crawler - INFO - get url:https://wxt.sinaimg.cn/mw1024/9d52c073ly1g6dgjnsxlpj20hs0m8mxy.jpg,status:200
2019-08-28 14:48:57 - crawler - INFO - get url:https://wxt.sinaimg.cn/mw1024/9d52c073gy1g645t8l7zdj20qo0zkdnh.jpg,status:200
2019-08-28 14:48:57 - crawler - INFO - get url:https://wxt.sinaimg.cn/mw1024/9d52c073gy1g67nsyqe85j20hs0qpwje.jpg,status:200
2019-08-28 14:48:57 - crawler - INFO - get url:https://wxt.sinaimg.cn/mw1024/9d52c073gy1g645t9fzy6j20hs0ly421.jpg,status:200
2019-08-28 14:48:57 - crawler - INFO - get url:https://wxt.sinaimg.cn/mw1024/9d52c073ly1g6dgjnyb4mj20p00h1wfg.jpg,status:200
2019-08-28 14:48:57 - crawler - INFO - get url:https://wxt.sinaimg.cn/mw1024/9d52c073ly1g6dgjnugo5j20hs0m7myv.jpg,status:200
2019-08-28 14:48:57 - crawler - INFO - get url:https://wxt.sinaimg.cn/mw1024/9d52c073gy1g5zjleaftnj20hs0mrgrj.jpg,status:200
2019-08-28 14:48:57 - crawler - INFO - get url:https://wxt.sinaimg.cn/mw1024/9d52c073gy1g67nt1odu0j20sg11v7sg.jpg,status:200
2019-08-28 14:48:57 - crawler - INFO - get url:https://wxt.sinaimg.cn/mw1024/9d52c073gy1g67nsyrc59j20qe0z7wq6.jpg,status:200
2019-08-28 14:48:57 - crawler - INFO - get url:https://wxt.sinaimg.cn/mw1024/9d52c073gy1g67nsypbmyj20pw0ygq68.jpg,status:200
2019-08-28 14:48:57 - crawler - INFO - get url:https://wxt.sinaimg.cn/mw1024/9d52c073gy1g5zjlegd2qj20hs0h0gq3.jpg,status:200
2019-08-28 14:48:58 - crawler - INFO - get url:https://wxt.sinaimg.cn/mw1024/9d52c073gy1g5w3e2xu2lj20hs0vmmyd.jpg,status:200
2019-08-28 14:48:58 - crawler - INFO - get url:https://wxt.sinaimg.cn/mw1024/9d52c073gy1g5zjlev672j20hs0h044x.jpg,status:200
2019-08-28 14:48:58 - crawler - INFO - get url:https://wxt.sinaimg.cn/mw1024/9d52c073gy1g67nszjxqgj20sg11xh7o.jpg,status:200
2019-08-28 14:48:58 - crawler - INFO - get url:https://wxt.sinaimg.cn/mw1024/9d52c073ly1g6dgjo3w8qj20go0m8jse.jpg,status:200
2019-08-28 14:48:58 - crawler - INFO - get url:https://wxt.sinaimg.cn/mw1024/9d52c073gy1g5zjlehn1uj20hs0gxag4.jpg,status:200
2019-08-28 14:48:58 - crawler - INFO - get url:https://wxt.sinaimg.cn/mw1024/9d52c073gy1g5a4sl5510j20qo0zkdpz.jpg,status:200
2019-08-28 14:48:58 - crawler - INFO - get url:https://wxt.sinaimg.cn/mw1024/9d52c073gy1g5w3e3gk8lj20sg15cap2.jpg,status:200
2019-08-28 14:48:58 - crawler - INFO - get url:https://wxt.sinaimg.cn/mw1024/9d52c073ly1g5p5pon9ygj20j60pi47j.jpg,status:200
2019-08-28 14:48:58 - crawler - INFO - get url:https://wxt.sinaimg.cn/mw1024/9d52c073ly1g5p5ppjdbdj20j60pk0y2.jpg,status:200
2019-08-28 14:48:58 - crawler - INFO - get url:https://wxt.sinaimg.cn/mw1024/9d52c073ly1g6dgjnvemwj20k00qo3zl.jpg,status:200
2019-08-28 14:48:58 - crawler - INFO - get url:https://wxt.sinaimg.cn/mw1024/9d52c073gy1g645t96gzmj20sg0zdto7.jpg,status:200
2019-08-28 14:48:58 - crawler - INFO - get url:https://wxt.sinaimg.cn/mw1024/9d52c073ly1g6dgjo2g5bj20kt0fm0ts.jpg,status:200
2019-08-28 14:48:58 - crawler - INFO - get url:https://wxt.sinaimg.cn/mw1024/9d52c073gy1g5eq8n6b3pj20sg16q4qq.jpg,status:200
2019-08-28 14:48:58 - crawler - INFO - get url:https://wxt.sinaimg.cn/mw1024/9d52c073ly1g6dgjo2xqij20fm0kugmo.jpg,status:200
2019-08-28 14:48:58 - crawler - INFO - get url:https://wxt.sinaimg.cn/mw1024/9d52c073gy1g5a4sk393dj20ia0odn37.jpg,status:200
2019-08-28 14:48:58 - crawler - INFO - get url:https://wxt.sinaimg.cn/mw1024/9d52c073gy1g67nsyoh3ij20jg0pzdq1.jpg,status:200
2019-08-28 14:48:58 - crawler - INFO - get url:https://wxt.sinaimg.cn/mw1024/9d52c073gy1g5sm8gvaf6j20k00qo479.jpg,status:200
2019-08-28 14:48:58 - crawler - INFO - get url:https://wxt.sinaimg.cn/mw1024/9d52c073ly1g5p5pp9k9yj20j60pktfg.jpg,status:200
2019-08-28 14:48:58 - crawler - INFO - get url:https://wxt.sinaimg.cn/mw1024/9d52c073gy1g5w3e2xj63j20io0r246n.jpg,status:200
2019-08-28 14:48:58 - crawler - INFO - get url:https://wxt.sinaimg.cn/mw1024/9d52c073gy1g5sm8h13pej20k00zbtjc.jpg,status:200
2019-08-28 14:48:58 - crawler - INFO - get url:https://wxt.sinaimg.cn/mw1024/9d52c073gy1g5lohxcodyj20sg0lbn0e.jpg,status:200
2019-08-28 14:48:58 - crawler - INFO - get url:https://wxt.sinaimg.cn/mw1024/9d52c073gy1g5i7p1103bj20ku0rsqak.jpg,status:200
2019-08-28 14:48:58 - crawler - INFO - get url:https://wxt.sinaimg.cn/mw1024/9d52c073ly1g5p5poqe7pj20j60pj7es.jpg,status:200
2019-08-28 14:48:58 - crawler - INFO - get url:https://wxt.sinaimg.cn/mw1024/9d52c073gy1g5sm8gox6nj20k00qoq9c.jpg,status:200
2019-08-28 14:48:58 - crawler - INFO - get url:https://wxt.sinaimg.cn/mw1024/9d52c073ly1g5p5poqexsj20qr0zkdim.jpg,status:200
2019-08-28 14:48:58 - crawler - INFO - get url:https://wxt.sinaimg.cn/mw1024/9d52c073gy1g5a4sl4m04j20sg0zwn99.jpg,status:200
2019-08-28 14:48:58 - crawler - INFO - get url:https://wxt.sinaimg.cn/mw1024/9d52c073gy1g5a4sm1aiqj20u0140azk.jpg,status:200
2019-08-28 14:48:58 - crawler - INFO - get url:https://wxt.sinaimg.cn/mw1024/9d52c073gy1g5eq8m8grjj20k00qomye.jpg,status:200
2019-08-28 14:48:59 - crawler - INFO - get url:https://wxt.sinaimg.cn/mw1024/9d52c073gy1g645t8st6yj20j60pjn5l.jpg,status:200
2019-08-28 14:48:59 - crawler - INFO - get url:https://wxt.sinaimg.cn/mw1024/9d52c073gy1g5a4sl8143j20sg11xtl6.jpg,status:200
2019-08-28 14:48:59 - crawler - INFO - get url:https://wxt.sinaimg.cn/mw1024/9d52c073ly1g5p5pp3e5xj20j60pi112.jpg,status:200
2019-08-28 14:48:59 - crawler - INFO - get url:https://wxt.sinaimg.cn/mw1024/9d52c073gy1g5zjlepc82j20hs0j07eu.jpg,status:200
2019-08-28 14:48:59 - crawler - INFO - get url:https://wxt.sinaimg.cn/mw1024/9d52c073gy1g5a4slojnvj20qo0zh7aw.jpg,status:200
2019-08-28 14:48:59 - crawler - INFO - get url:https://wxt.sinaimg.cn/mw1024/9d52c073gy1g5lohvkfxhj20sg0mnac9.jpg,status:200
2019-08-28 14:48:59 - crawler - INFO - get url:https://wxt.sinaimg.cn/mw1024/9d52c073gy1g5zjlenh8dj20hs0ms7a5.jpg,status:200
2019-08-28 14:48:59 - crawler - INFO - get url:https://wxt.sinaimg.cn/mw1024/9d52c073gy1g5lohvclinj20sg0sgadx.jpg,status:200
2019-08-28 14:48:59 - crawler - INFO - get url:https://wxt.sinaimg.cn/mw1024/9d52c073gy1g5i7p26wnhj20sg11xker.jpg,status:200
2019-08-28 14:48:59 - crawler - INFO - get url:https://wxt.sinaimg.cn/mw1024/9d52c073gy1g5lohy6z09j20sg0sggow.jpg,status:200
2019-08-28 14:48:59 - crawler - INFO - get url:https://wxt.sinaimg.cn/mw1024/9d52c073gy1g5zjlesc1dj20hs0h179x.jpg,status:200
2019-08-28 14:48:59 - crawler - INFO - get url:https://wxt.sinaimg.cn/mw1024/9d52c073gy1g5i7p13e10j20k00qowjz.jpg,status:200
2019-08-28 14:48:59 - crawler - INFO - get url:https://wxt.sinaimg.cn/mw1024/9d52c073gy1g5a4sju2r5j20u011hgp7.jpg,status:200
2019-08-28 14:48:59 - crawler - INFO - get url:https://wxt.sinaimg.cn/mw1024/9d52c073gy1g5eq8lpv9jj20j60pj7di.jpg,status:200
2019-08-28 14:48:59 - crawler - INFO - get url:https://wxt.sinaimg.cn/mw1024/9d52c073gy1g645t8knjcj20j60y47f5.jpg,status:200
2019-08-28 14:48:59 - crawler - INFO - get url:https://wxt.sinaimg.cn/mw1024/9d52c073gy1g5w3e38bcuj20jg0t67g1.jpg,status:200
2019-08-28 14:48:59 - crawler - INFO - get url:https://wxt.sinaimg.cn/mw1024/9d52c073ly1g6dgjo0aozj20hs0m70ty.jpg,status:200
2019-08-28 14:48:59 - crawler - INFO - get url:https://wxt.sinaimg.cn/mw1024/9d52c073gy1g5loi7ijomj20sg0zkn18.jpg,status:200
2019-08-28 14:48:59 - crawler - INFO - get url:https://wxt.sinaimg.cn/mw1024/9d52c073gy1g5sm8hl8xtj20sg11xx0b.jpg,status:200
2019-08-28 14:48:59 - crawler - INFO - get url:https://wxt.sinaimg.cn/mw1024/9d52c073gy1g645t8kofkj20sg11xwnz.jpg,status:200
2019-08-28 14:48:59 - crawler - INFO - get url:https://wxt.sinaimg.cn/mw1024/9d52c073gy1g5eq8lw1m5j20sg0zkk1f.jpg,status:200
2019-08-28 14:48:59 - crawler - INFO - get url:https://wxt.sinaimg.cn/mw1024/9d52c073gy1g5sm8ht8z3j20sg11xkfe.jpg,status:200
2019-08-28 14:48:59 - crawler - INFO - get url:https://wxt.sinaimg.cn/mw1024/9d52c073gy1g5sm8hfbo5j20sg0zjtxj.jpg,status:200
2019-08-28 14:48:59 - crawler - INFO - get url:https://wxt.sinaimg.cn/mw1024/9d52c073gy1g5zjllkojdj20hs0gztds.jpg,status:200
2019-08-28 14:48:59 - crawler - INFO - get url:https://wxt.sinaimg.cn/mw1024/9d52c073gy1g5i7p12zuuj20j60ny13k.jpg,status:200
2019-08-28 14:48:59 - crawler - INFO - get url:https://wxt.sinaimg.cn/mw1024/9d52c073gy1g5i7p3h8ihj20u0140npe.jpg,status:200
2019-08-28 14:48:59 - crawler - INFO - get url:https://wxt.sinaimg.cn/mw1024/9d52c073gy1g645t8svhqj20m50xcwj4.jpg,status:200
2019-08-28 14:49:00 - crawler - INFO - get url:https://wxt.sinaimg.cn/mw1024/9d52c073gy1g645t8johqj20ku0rsn74.jpg,status:200
2019-08-28 14:49:00 - crawler - INFO - get url:https://wxt.sinaimg.cn/mw1024/9d52c073gy1g5a4skafahj20qo0zktob.jpg,status:200
2019-08-28 14:49:00 - crawler - INFO - get url:https://wxt.sinaimg.cn/mw1024/9d52c073gy1g5a4skej8rj20j60piag9.jpg,status:200
2019-08-28 14:49:00 - crawler - INFO - get url:https://wxt.sinaimg.cn/mw1024/9d52c073gy1g5eq8ouopwj20sg0ymkcy.jpg,status:200
2019-08-28 14:49:00 - crawler - INFO - get url:https://wxt.sinaimg.cn/mw1024/9d52c073gy1g67nszfyz9j20p80vjgpz.jpg,status:200
2019-08-28 14:49:00 - crawler - INFO - get url:https://wxt.sinaimg.cn/mw1024/9d52c073gy1g5sm8grcuyj20qh19pgu2.jpg,status:200
2019-08-28 14:49:00 - crawler - INFO - get url:https://wxt.sinaimg.cn/mw1024/9d52c073gy1g5i7p2oeiij20k30p4b29.jpg,status:200
2019-08-28 14:49:00 - crawler - INFO - get url:https://wxt.sinaimg.cn/mw1024/9d52c073gy1g5w3e3lrssj20m80xcdnt.jpg,status:200
2019-08-28 14:49:00 - crawler - INFO - get url:https://wxt.sinaimg.cn/mw1024/9d52c073gy1g5lohv3lawj20sg0seacw.jpg,status:200
2019-08-28 14:49:00 - crawler - INFO - get url:https://wxt.sinaimg.cn/mw1024/9d52c073ly1g5p5pom3uvj20j60pkdiy.jpg,status:200
2019-08-28 14:49:00 - crawler - INFO - get url:https://wxt.sinaimg.cn/mw1024/9d52c073gy1g5sm8h8fcaj20sg13416g.jpg,status:200
2019-08-28 14:49:00 - crawler - INFO - get url:https://wxt.sinaimg.cn/mw1024/9d52c073gy1g67nsz837xj20qo0zkwtx.jpg,status:200
2019-08-28 14:49:00 - crawler - INFO - get url:https://wxt.sinaimg.cn/mw1024/9d52c073gy1g5eq8molyxj20sg0zm7wh.jpg,status:200
2019-08-28 14:49:00 - crawler - INFO - get url:https://wxt.sinaimg.cn/mw1024/9d52c073ly1g5p5poldp9j20j60pkk1o.jpg,status:200
2019-08-28 14:49:00 - crawler - INFO - get url:https://wxt.sinaimg.cn/mw1024/9d52c073gy1g5i7p210rcj20sg0venp0.jpg,status:200
2019-08-28 14:49:00 - crawler - INFO - get url:https://wxt.sinaimg.cn/mw1024/9d52c073gy1g5w3e3ygt4j20sg16n1kx.jpg,status:200
2019-08-28 14:49:00 - crawler - INFO - get url:https://wxt.sinaimg.cn/mw1024/9d52c073gy1g5i7p2m9unj20sg11wawq.jpg,status:200
2019-08-28 14:49:00 - crawler - INFO - get url:https://wxt.sinaimg.cn/mw1024/9d52c073gy1g5loia7rrmj20sg0zkq77.jpg,status:200
2019-08-28 14:49:00 - crawler - INFO - get url:https://wxt.sinaimg.cn/mw1024/9d52c073gy1g5lohvcf4qj20sg0sgjvg.jpg,status:200
2019-08-28 14:49:00 - crawler - INFO - get url:https://wxt.sinaimg.cn/mw1024/9d52c073gy1g5eq8m673cj20qo0yqk5y.jpg,status:200
2019-08-28 14:49:00 - crawler - INFO - get url:https://wxt.sinaimg.cn/mw1024/9d52c073gy1g5i7p20mqxj20sg11x4od.jpg,status:200
2019-08-28 14:49:00 - crawler - INFO - get url:https://wxt.sinaimg.cn/mw1024/9d52c073gy1g5w3e2yfzjj20hs0s5dki.jpg,status:200
2019-08-28 14:49:00 - crawler - INFO - get url:https://wxt.sinaimg.cn/mw1024/9d52c073gy1g5lohvis0zj20sg0zkdjz.jpg,status:200
2019-08-28 14:49:00 - crawler - INFO - get url:https://wxt.sinaimg.cn/mw1024/9d52c073gy1g645t93cyvj20sg1ekh2w.jpg,status:200
2019-08-28 14:49:00 - crawler - INFO - get url:https://wxt.sinaimg.cn/mw1024/9d52c073gy1g5w3e4i76hj20u011i45a.jpg,status:200
2019-08-28 14:49:00 - crawler - INFO - get url:https://wxt.sinaimg.cn/mw1024/9d52c073gy1g67nszglmuj20sg11u4ks.jpg,status:200
2019-08-28 14:49:00 - crawler - INFO - get url:https://wxt.sinaimg.cn/mw1024/9d52c073ly1g5p5pp9ixrj20sg11x1kx.jpg,status:200
2019-08-28 14:49:00 - crawler - INFO - get url:https://wxt.sinaimg.cn/mw1024/9d52c073gy1g5w3e3s5zwj20sg16oqrr.jpg,status:200
2019-08-28 14:49:00 - crawler - INFO - get url:https://wxt.sinaimg.cn/mw1024/9d52c073ly1g55i91zg8qj20j60y30z1.jpg,status:200
2019-08-28 14:49:01 - crawler - INFO - get url:https://wxt.sinaimg.cn/mw1024/9d52c073gy1g5zjleg24lj20hs0h0af3.jpg,status:200
2019-08-28 14:49:01 - crawler - INFO - get url:https://wxt.sinaimg.cn/mw1024/9d52c073gy1g5eq8mfdkuj20mn0s87cp.jpg,status:200
2019-08-28 14:49:02 - crawler - INFO - get url:https://wxt.sinaimg.cn/mw1024/9d52c073gy1g5sm8gjs1jj20k00p7q9v.jpg,status:200
2019-08-28 14:57:01 - crawler - INFO - start is run
2019-08-28 14:57:01 - crawler - INFO - get url:https://api.meizitu.net/wp-json/wp/v2/comments?post=3238&per_page=100&page=1,status:200
2019-08-28 14:57:01 - crawler - INFO - get url:https://wxt.sinaimg.cn/mw1024/9d52c073ly1g6dgjnvemwj20k00qo3zl.jpg,status:200
2019-08-28 14:57:01 - crawler - INFO - get url:https://wxt.sinaimg.cn/mw1024/9d52c073gy1g5zjlehn1uj20hs0gxag4.jpg,status:200
2019-08-28 14:57:01 - crawler - INFO - get url:https://wxt.sinaimg.cn/mw1024/9d52c073gy1g645t9fzy6j20hs0ly421.jpg,status:200
2019-08-28 14:57:01 - crawler - INFO - get url:https://wxt.sinaimg.cn/mw1024/9d52c073ly1g6dgjnsxlpj20hs0m8mxy.jpg,status:200
2019-08-28 14:57:01 - crawler - INFO - get url:https://wxt.sinaimg.cn/mw1024/9d52c073gy1g67nsypbmyj20pw0ygq68.jpg,status:200
2019-08-28 14:57:01 - crawler - INFO - get url:https://wxt.sinaimg.cn/mw1024/9d52c073ly1g5p5pom3uvj20j60pkdiy.jpg,status:200
2019-08-28 14:57:01 - crawler - INFO - get url:https://wxt.sinaimg.cn/mw1024/9d52c073gy1g67nsyqe85j20hs0qpwje.jpg,status:200
2019-08-28 14:57:01 - crawler - INFO - get url:https://wxt.sinaimg.cn/mw1024/9d52c073gy1g5zjlenh8dj20hs0ms7a5.jpg,status:200
2019-08-28 14:57:02 - crawler - INFO - get url:https://wxt.sinaimg.cn/mw1024/9d52c073gy1g5w3e3lrssj20m80xcdnt.jpg,status:200
2019-08-28 14:57:02 - crawler - INFO - get url:https://wxt.sinaimg.cn/mw1024/9d52c073ly1g5p5poldp9j20j60pkk1o.jpg,status:200
2019-08-28 14:57:02 - crawler - INFO - get url:https://wxt.sinaimg.cn/mw1024/9d52c073ly1g6dgjo0aozj20hs0m70ty.jpg,status:200
2019-08-28 14:57:02 - crawler - INFO - get url:https://wxt.sinaimg.cn/mw1024/9d52c073gy1g5zjlev672j20hs0h044x.jpg,status:200
2019-08-28 14:57:02 - crawler - INFO - get url:https://wxt.sinaimg.cn/mw1024/9d52c073gy1g5sm8gox6nj20k00qoq9c.jpg,status:200
2019-08-28 14:57:02 - crawler - INFO - get url:https://wxt.sinaimg.cn/mw1024/9d52c073ly1g6dgjnyn8cj20k00qowfl.jpg,status:200
2019-08-28 14:57:02 - crawler - INFO - get url:https://wxt.sinaimg.cn/mw1024/9d52c073gy1g5lohvkfxhj20sg0mnac9.jpg,status:200
2019-08-28 14:57:02 - crawler - INFO - get url:https://wxt.sinaimg.cn/mw1024/9d52c073gy1g5zjleg24lj20hs0h0af3.jpg,status:200
2019-08-28 14:57:02 - crawler - INFO - get url:https://wxt.sinaimg.cn/mw1024/9d52c073ly1g6dgjo3w8qj20go0m8jse.jpg,status:200
2019-08-28 14:57:02 - crawler - INFO - get url:https://wxt.sinaimg.cn/mw1024/9d52c073gy1g67nszfyz9j20p80vjgpz.jpg,status:200
2019-08-28 14:57:02 - crawler - INFO - get url:https://wxt.sinaimg.cn/mw1024/9d52c073gy1g5w3e2xj63j20io0r246n.jpg,status:200
2019-08-28 14:57:02 - crawler - INFO - get url:https://wxt.sinaimg.cn/mw1024/9d52c073gy1g5loi7ijomj20sg0zkn18.jpg,status:200
2019-08-28 14:57:02 - crawler - INFO - get url:https://wxt.sinaimg.cn/mw1024/9d52c073gy1g5eq8lpv9jj20j60pj7di.jpg,status:200
2019-08-28 14:57:02 - crawler - INFO - get url:https://wxt.sinaimg.cn/mw1024/9d52c073gy1g5w3e2yfzjj20hs0s5dki.jpg,status:200
2019-08-28 14:57:02 - crawler - INFO - get url:https://wxt.sinaimg.cn/mw1024/9d52c073gy1g645t96gzmj20sg0zdto7.jpg,status:200
2019-08-28 14:57:02 - crawler - INFO - get url:https://wxt.sinaimg.cn/mw1024/9d52c073ly1g6dgjo2g5bj20kt0fm0ts.jpg,status:200
2019-08-28 14:57:02 - crawler - INFO - get url:https://wxt.sinaimg.cn/mw1024/9d52c073gy1g645t8johqj20ku0rsn74.jpg,status:200
2019-08-28 14:57:02 - crawler - INFO - get url:https://wxt.sinaimg.cn/mw1024/9d52c073gy1g5sm8h8fcaj20sg13416g.jpg,status:200
2019-08-28 14:57:02 - crawler - INFO - get url:https://wxt.sinaimg.cn/mw1024/9d52c073gy1g5eq8mfdkuj20mn0s87cp.jpg,status:200
2019-08-28 14:57:02 - crawler - INFO - get url:https://wxt.sinaimg.cn/mw1024/9d52c073gy1g67nszjxqgj20sg11xh7o.jpg,status:200
2019-08-28 14:57:02 - crawler - INFO - get url:https://wxt.sinaimg.cn/mw1024/9d52c073gy1g5eq8lnhc9j20go0m8aif.jpg,status:200
2019-08-28 14:57:02 - crawler - INFO - get url:https://wxt.sinaimg.cn/mw1024/9d52c073ly1g6dgjnugo5j20hs0m7myv.jpg,status:200
2019-08-28 14:57:02 - crawler - INFO - get url:https://wxt.sinaimg.cn/mw1024/9d52c073gy1g5eq8m673cj20qo0yqk5y.jpg,status:200
2019-08-28 14:57:02 - crawler - INFO - get url:https://wxt.sinaimg.cn/mw1024/9d52c073gy1g5sm8gvaf6j20k00qo479.jpg,status:200
2019-08-28 14:57:02 - crawler - INFO - get url:https://wxt.sinaimg.cn/mw1024/9d52c073ly1g5p5pp3e5xj20j60pi112.jpg,status:200
2019-08-28 14:57:02 - crawler - INFO - get url:https://wxt.sinaimg.cn/mw1024/9d52c073ly1g6dgjo2xqij20fm0kugmo.jpg,status:200
2019-08-28 14:57:03 - crawler - INFO - get url:https://wxt.sinaimg.cn/mw1024/9d52c073gy1g67nsyoh3ij20jg0pzdq1.jpg,status:200
2019-08-28 14:57:03 - crawler - INFO - get url:https://wxt.sinaimg.cn/mw1024/9d52c073gy1g5lohy6z09j20sg0sggow.jpg,status:200
2019-08-28 14:57:03 - crawler - INFO - get url:https://wxt.sinaimg.cn/mw1024/9d52c073gy1g5zjlesc1dj20hs0h179x.jpg,status:200
2019-08-28 14:57:03 - crawler - INFO - get url:https://wxt.sinaimg.cn/mw1024/9d52c073gy1g645t8kofkj20sg11xwnz.jpg,status:200
2019-08-28 14:57:03 - crawler - INFO - get url:https://wxt.sinaimg.cn/mw1024/9d52c073gy1g5sm8ht8z3j20sg11xkfe.jpg,status:200
2019-08-28 14:57:03 - crawler - INFO - get url:https://wxt.sinaimg.cn/mw1024/9d52c073gy1g5i7p13e10j20k00qowjz.jpg,status:200
2019-08-28 14:57:03 - crawler - INFO - get url:https://wxt.sinaimg.cn/mw1024/9d52c073gy1g5a4sju2r5j20u011hgp7.jpg,status:200
2019-08-28 14:57:03 - crawler - INFO - get url:https://wxt.sinaimg.cn/mw1024/9d52c073gy1g5a4sk393dj20ia0odn37.jpg,status:200
2019-08-28 14:57:03 - crawler - INFO - get url:https://wxt.sinaimg.cn/mw1024/9d52c073gy1g5lohvcf4qj20sg0sgjvg.jpg,status:200
2019-08-28 14:57:03 - crawler - INFO - get url:https://wxt.sinaimg.cn/mw1024/9d52c073gy1g5eq8m8grjj20k00qomye.jpg,status:200
2019-08-28 14:57:03 - crawler - INFO - get url:https://wxt.sinaimg.cn/mw1024/9d52c073gy1g5a4sl8143j20sg11xtl6.jpg,status:200
2019-08-28 14:57:03 - crawler - INFO - get url:https://wxt.sinaimg.cn/mw1024/9d52c073gy1g5w3e2xu2lj20hs0vmmyd.jpg,status:200
2019-08-28 14:57:03 - crawler - INFO - get url:https://wxt.sinaimg.cn/mw1024/9d52c073gy1g5a4skej8rj20j60piag9.jpg,status:200
2019-08-28 14:57:03 - crawler - INFO - get url:https://wxt.sinaimg.cn/mw1024/9d52c073gy1g645t8svhqj20m50xcwj4.jpg,status:200
2019-08-28 14:57:03 - crawler - INFO - get url:https://wxt.sinaimg.cn/mw1024/9d52c073gy1g67nszglmuj20sg11u4ks.jpg,status:200
2019-08-28 14:57:03 - crawler - INFO - get url:https://wxt.sinaimg.cn/mw1024/9d52c073ly1g5p5pon9ygj20j60pi47j.jpg,status:200
2019-08-28 14:57:03 - crawler - INFO - get url:https://wxt.sinaimg.cn/mw1024/9d52c073gy1g5a4sl5510j20qo0zkdpz.jpg,status:200
2019-08-28 14:57:03 - crawler - INFO - get url:https://wxt.sinaimg.cn/mw1024/9d52c073gy1g5zjlegd2qj20hs0h0gq3.jpg,status:200
2019-08-28 14:57:03 - crawler - INFO - get url:https://wxt.sinaimg.cn/mw1024/9d52c073gy1g5w3e3ygt4j20sg16n1kx.jpg,status:200
2019-08-28 14:57:03 - crawler - INFO - get url:https://wxt.sinaimg.cn/mw1024/9d52c073ly1g55i91zg8qj20j60y30z1.jpg,status:200
2019-08-28 14:57:03 - crawler - INFO - get url:https://wxt.sinaimg.cn/mw1024/9d52c073gy1g5a4slojnvj20qo0zh7aw.jpg,status:200
2019-08-28 14:57:03 - crawler - INFO - get url:https://wxt.sinaimg.cn/mw1024/9d52c073gy1g5zjleaftnj20hs0mrgrj.jpg,status:200
2019-08-28 14:57:03 - crawler - INFO - get url:https://wxt.sinaimg.cn/mw1024/9d52c073gy1g645t93cyvj20sg1ekh2w.jpg,status:200
2019-08-28 14:57:03 - crawler - INFO - get url:https://wxt.sinaimg.cn/mw1024/9d52c073ly1g5p5poqe7pj20j60pj7es.jpg,status:200
2019-08-28 14:57:03 - crawler - INFO - get url:https://wxt.sinaimg.cn/mw1024/9d52c073gy1g5w3e4i76hj20u011i45a.jpg,status:200
2019-08-28 14:57:03 - crawler - INFO - get url:https://wxt.sinaimg.cn/mw1024/9d52c073gy1g5lohxcodyj20sg0lbn0e.jpg,status:200
2019-08-28 14:57:03 - crawler - INFO - get url:https://wxt.sinaimg.cn/mw1024/9d52c073gy1g5w3e38bcuj20jg0t67g1.jpg,status:200
2019-08-28 14:57:03 - crawler - INFO - get url:https://wxt.sinaimg.cn/mw1024/9d52c073gy1g5sm8gjs1jj20k00p7q9v.jpg,status:200
2019-08-28 14:57:03 - crawler - INFO - get url:https://wxt.sinaimg.cn/mw1024/9d52c073gy1g5w3e3gk8lj20sg15cap2.jpg,status:200
2019-08-28 14:57:03 - crawler - INFO - get url:https://wxt.sinaimg.cn/mw1024/9d52c073gy1g5i7p3h8ihj20u0140npe.jpg,status:200
2019-08-28 14:57:03 - crawler - INFO - get url:https://wxt.sinaimg.cn/mw1024/9d52c073gy1g5eq8lw1m5j20sg0zkk1f.jpg,status:200
2019-08-28 14:57:04 - crawler - INFO - get url:https://wxt.sinaimg.cn/mw1024/9d52c073ly1g6dgjnyb4mj20p00h1wfg.jpg,status:200
2019-08-28 14:57:04 - crawler - INFO - get url:https://wxt.sinaimg.cn/mw1024/9d52c073gy1g5i7p2m9unj20sg11wawq.jpg,status:200
2019-08-28 14:57:04 - crawler - INFO - get url:https://wxt.sinaimg.cn/mw1024/9d52c073gy1g5lohvis0zj20sg0zkdjz.jpg,status:200
2019-08-28 14:57:04 - crawler - INFO - get url:https://wxt.sinaimg.cn/mw1024/9d52c073gy1g67nsyrc59j20qe0z7wq6.jpg,status:200
2019-08-28 14:57:04 - crawler - INFO - get url:https://wxt.sinaimg.cn/mw1024/9d52c073gy1g5i7p2oeiij20k30p4b29.jpg,status:200
2019-08-28 14:57:04 - crawler - INFO - get url:https://wxt.sinaimg.cn/mw1024/9d52c073gy1g5a4skafahj20qo0zktob.jpg,status:200
2019-08-28 14:57:04 - crawler - INFO - get url:https://wxt.sinaimg.cn/mw1024/9d52c073gy1g5lohv3lawj20sg0seacw.jpg,status:200
2019-08-28 14:57:04 - crawler - INFO - get url:https://wxt.sinaimg.cn/mw1024/9d52c073gy1g5a4sm1aiqj20u0140azk.jpg,status:200
2019-08-28 14:57:04 - crawler - INFO - get url:https://wxt.sinaimg.cn/mw1024/9d52c073gy1g5i7p1103bj20ku0rsqak.jpg,status:200
2019-08-28 14:57:04 - crawler - INFO - get url:https://wxt.sinaimg.cn/mw1024/9d52c073ly1g5p5pp9k9yj20j60pktfg.jpg,status:200
2019-08-28 14:57:04 - crawler - INFO - get url:https://wxt.sinaimg.cn/mw1024/9d52c073gy1g5i7p20mqxj20sg11x4od.jpg,status:200
2019-08-28 14:57:04 - crawler - INFO - get url:https://wxt.sinaimg.cn/mw1024/9d52c073ly1g5p5ppjdbdj20j60pk0y2.jpg,status:200
2019-08-28 14:57:04 - crawler - INFO - get url:https://wxt.sinaimg.cn/mw1024/9d52c073gy1g645t8st6yj20j60pjn5l.jpg,status:200
2019-08-28 14:57:04 - crawler - INFO - get url:https://wxt.sinaimg.cn/mw1024/9d52c073gy1g5w3e3s5zwj20sg16oqrr.jpg,status:200
2019-08-28 14:57:04 - crawler - INFO - get url:https://wxt.sinaimg.cn/mw1024/9d52c073gy1g5i7p12zuuj20j60ny13k.jpg,status:200
2019-08-28 14:57:04 - crawler - INFO - get url:https://wxt.sinaimg.cn/mw1024/9d52c073gy1g5lohvclinj20sg0sgadx.jpg,status:200
2019-08-28 14:57:04 - crawler - INFO - get url:https://wxt.sinaimg.cn/mw1024/9d52c073ly1g5p5pp9ixrj20sg11x1kx.jpg,status:200
2019-08-28 14:57:04 - crawler - INFO - get url:https://wxt.sinaimg.cn/mw1024/9d52c073gy1g5sm8hl8xtj20sg11xx0b.jpg,status:200
2019-08-28 14:57:04 - crawler - INFO - get url:https://wxt.sinaimg.cn/mw1024/9d52c073gy1g5a4sl4m04j20sg0zwn99.jpg,status:200
2019-08-28 14:57:04 - crawler - INFO - get url:https://wxt.sinaimg.cn/mw1024/9d52c073gy1g5sm8grcuyj20qh19pgu2.jpg,status:200
2019-08-28 14:57:04 - crawler - INFO - get url:https://wxt.sinaimg.cn/mw1024/9d52c073gy1g645t8l7zdj20qo0zkdnh.jpg,status:200
2019-08-28 14:57:04 - crawler - INFO - get url:https://wxt.sinaimg.cn/mw1024/9d52c073ly1g5p5poqexsj20qr0zkdim.jpg,status:200
2019-08-28 14:57:04 - crawler - INFO - get url:https://wxt.sinaimg.cn/mw1024/9d52c073gy1g5i7p210rcj20sg0venp0.jpg,status:200
2019-08-28 14:57:04 - crawler - INFO - get url:https://wxt.sinaimg.cn/mw1024/9d52c073gy1g5eq8molyxj20sg0zm7wh.jpg,status:200
2019-08-28 14:57:04 - crawler - INFO - get url:https://wxt.sinaimg.cn/mw1024/9d52c073gy1g5sm8hfbo5j20sg0zjtxj.jpg,status:200
2019-08-28 14:57:04 - crawler - INFO - get url:https://wxt.sinaimg.cn/mw1024/9d52c073gy1g5i7p26wnhj20sg11xker.jpg,status:200
2019-08-28 14:57:04 - crawler - INFO - get url:https://wxt.sinaimg.cn/mw1024/9d52c073gy1g5sm8h13pej20k00zbtjc.jpg,status:200
2019-08-28 14:57:05 - crawler - INFO - get url:https://wxt.sinaimg.cn/mw1024/9d52c073gy1g5eq8n6b3pj20sg16q4qq.jpg,status:200
2019-08-28 14:57:05 - crawler - INFO - get url:https://wxt.sinaimg.cn/mw1024/9d52c073gy1g5zjllkojdj20hs0gztds.jpg,status:200
2019-08-28 14:57:05 - crawler - INFO - get url:https://wxt.sinaimg.cn/mw1024/9d52c073gy1g67nsz837xj20qo0zkwtx.jpg,status:200
2019-08-28 14:57:05 - crawler - INFO - get url:https://wxt.sinaimg.cn/mw1024/9d52c073gy1g67nt1odu0j20sg11v7sg.jpg,status:200
2019-08-28 14:57:05 - crawler - INFO - get url:https://wxt.sinaimg.cn/mw1024/9d52c073gy1g645t8knjcj20j60y47f5.jpg,status:200
2019-08-28 14:57:05 - crawler - INFO - get url:https://wxt.sinaimg.cn/mw1024/9d52c073gy1g5eq8ouopwj20sg0ymkcy.jpg,status:200
